<?xml version="1.0" encoding="UTF-8"?>
<testsuite xmlns:xsi="http://www.w3.org/2001/XMLSchema-instance" xsi:noNamespaceSchemaLocation="https://maven.apache.org/surefire/maven-surefire-plugin/xsd/surefire-test-report-3.0.xsd" version="3.0" name="UserServiceTest" time="4.48" tests="6" errors="0" skipped="0" failures="0">
  <properties>
[...]
</properties>
  <testcase name="saveUser" classname="UserServiceTest" time="1.46">
    <system-out><![CDATA[User с именем Ivan добавлен в базу данных
]]></system-out>
    <system-err><![CDATA[мар. 03, 2024 1:24:01 AM org.hibernate.Version logVersion
INFO: HHH000412: Hibernate ORM core version 5.6.3.Final
мар. 03, 2024 1:24:01 AM org.hibernate.cfg.Environment <clinit>
INFO: HHH000205: Loaded properties from resource hibernate.properties: {hibernate.connection.driver_class=com.mysql.cj.jdbc.Driver, hibernate.dialect=org.hibernate.dialect.MySQL8Dialect, hibernate.connection.password=****, hibernate.connection.username=root, hibernate.connection.url=jdbc:mysql://localhost:3306/app, hibernate.bytecode.use_reflection_optimizer=false, hibernate.show_sql=false}
мар. 03, 2024 1:24:01 AM org.hibernate.annotations.common.reflection.java.JavaReflectionManager <clinit>
INFO: HCANN000001: Hibernate Commons Annotations {5.1.2.Final}
мар. 03, 2024 1:24:01 AM org.hibernate.engine.jdbc.connections.internal.DriverManagerConnectionProviderImpl configure
WARN: HHH10001002: Using Hibernate built-in connection pool (not for production use!)
мар. 03, 2024 1:24:01 AM org.hibernate.engine.jdbc.connections.internal.DriverManagerConnectionProviderImpl buildCreator
INFO: HHH10001005: using driver [com.mysql.cj.jdbc.Driver] at URL [jdbc:mysql://localhost:3306/app]
мар. 03, 2024 1:24:01 AM org.hibernate.engine.jdbc.connections.internal.DriverManagerConnectionProviderImpl buildCreator
INFO: HHH10001001: Connection properties: {password=****, user=root}
мар. 03, 2024 1:24:01 AM org.hibernate.engine.jdbc.connections.internal.DriverManagerConnectionProviderImpl buildCreator
INFO: HHH10001003: Autocommit mode: false
мар. 03, 2024 1:24:01 AM org.hibernate.engine.jdbc.connections.internal.DriverManagerConnectionProviderImpl$PooledConnections <init>
INFO: HHH000115: Hibernate connection pool size: 20 (min=1)
мар. 03, 2024 1:24:02 AM org.hibernate.dialect.Dialect <init>
INFO: HHH000400: Using dialect: org.hibernate.dialect.MySQL8Dialect
мар. 03, 2024 1:24:02 AM org.hibernate.engine.transaction.jta.platform.internal.JtaPlatformInitiator initiateService
INFO: HHH000490: Using JtaPlatform implementation: [org.hibernate.engine.transaction.jta.platform.internal.NoJtaPlatform]
]]></system-err>
  </testcase>
  <testcase name="removeUserById" classname="UserServiceTest" time="1.42">
    <system-out><![CDATA[User с именем Ivan добавлен в базу данных
]]></system-out>
  </testcase>
  <testcase name="getAllUsers" classname="UserServiceTest" time="0.503">
    <system-out><![CDATA[User с именем Ivan добавлен в базу данных
]]></system-out>
  </testcase>
  <testcase name="dropUsersTable" classname="UserServiceTest" time="0.181"/>
  <testcase name="createUsersTable" classname="UserServiceTest" time="0.3"/>
  <testcase name="cleanUsersTable" classname="UserServiceTest" time="0.576">
    <system-out><![CDATA[User с именем Ivan добавлен в базу данных
]]></system-out>
  </testcase>
</testsuite>